2024-12-04T19:00:44.776Z [INFO]: All active tasks initialized successfully.
2024-12-05T00:18:12.830Z [INFO]: All active tasks initialized successfully.
2024-12-05T00:41:05.613Z [INFO]: All active tasks initialized successfully.
2024-12-05T00:42:58.016Z [INFO]: All active tasks initialized successfully.
2024-12-05T01:05:17.697Z [INFO]: Found 2 active task(s) to initialize.
2024-12-05T01:05:17.735Z [INFO]: Task 'Akash Khanna' scheduled successfully.
2024-12-05T01:05:17.765Z [INFO]: Task 'nnaa' scheduled successfully.
2024-12-05T01:05:17.767Z [INFO]: All active tasks initialized successfully.
2024-12-05T01:05:54.672Z [INFO]: Found 2 active task(s) to initialize.
2024-12-05T01:05:54.679Z [INFO]: Task 'Akash Khanna' scheduled successfully.
2024-12-05T01:05:54.681Z [INFO]: Task 'nnaa' scheduled successfully.
2024-12-05T01:05:54.681Z [INFO]: All active tasks initialized successfully.
2024-12-05T01:07:17.099Z [INFO]: Found 2 active task(s) to initialize.
2024-12-05T01:07:17.107Z [INFO]: Task 'Akash Khanna' scheduled successfully.
2024-12-05T01:07:17.108Z [INFO]: Task 'nnaa' scheduled successfully.
2024-12-05T01:07:17.108Z [INFO]: All active tasks initialized successfully.
2024-12-05T01:11:48.561Z [INFO]: Found 2 active task(s) to initialize.
2024-12-05T01:11:48.572Z [INFO]: Task 'Akash Khanna' scheduled successfully.
2024-12-05T01:11:48.573Z [INFO]: Task 'nnaa' scheduled successfully.
2024-12-05T01:11:48.573Z [INFO]: All active tasks initialized successfully.
2024-12-05T01:11:57.783Z [INFO]: Found 2 active task(s) to initialize.
2024-12-05T01:11:57.790Z [INFO]: Task 'Akash Khanna' scheduled successfully.
2024-12-05T01:11:57.791Z [INFO]: Task 'nnaa' scheduled successfully.
2024-12-05T01:11:57.792Z [INFO]: All active tasks initialized successfully.
2024-12-05T03:59:17.705Z [INFO]: Found 2 active task(s) to initialize.
2024-12-05T03:59:17.710Z [INFO]: Task 'Akash Khanna' scheduled successfully.
2024-12-05T03:59:17.711Z [INFO]: Task 'nnaa' scheduled successfully.
2024-12-05T03:59:17.711Z [INFO]: All active tasks initialized successfully.
2024-12-05T04:02:00.466Z [INFO]: All active tasks initialized successfully.
2024-12-05T04:03:11.341Z [INFO]: All active tasks initialized successfully.
2024-12-05T04:03:23.788Z [INFO]: All active tasks initialized successfully.
2024-12-05T04:03:28.880Z [INFO]: All active tasks initialized successfully.
2024-12-05T04:04:47.741Z [INFO]: All active tasks initialized successfully.
2024-12-05T04:13:01.391Z [INFO]: All active tasks initialized successfully.
2024-12-05T04:15:17.558Z [INFO]: All active tasks initialized successfully.
2024-12-05T04:25:26.205Z [INFO]: All active tasks initialized successfully.
2024-12-05T04:25:34.404Z [INFO]: All active tasks initialized successfully.
2024-12-05T04:25:50.591Z [INFO]: All active tasks initialized successfully.
2024-12-05T04:26:04.096Z [INFO]: All active tasks initialized successfully.
2024-12-05T04:31:13.042Z [INFO]: All active tasks initialized successfully.
2024-12-05T04:33:16.024Z [INFO]: All active tasks initialized successfully.
2024-12-05T04:35:29.838Z [INFO]: All active tasks initialized successfully.
2024-12-05T04:35:44.496Z [INFO]: All active tasks initialized successfully.
2024-12-05T04:48:50.294Z [INFO]: All active tasks initialized successfully.
2024-12-05T04:52:11.959Z [INFO]: All active tasks initialized successfully.
2024-12-05T04:53:00.358Z [INFO]: All active tasks initialized successfully.
2024-12-05T04:53:29.269Z [INFO]: All active tasks initialized successfully.
2024-12-05T04:53:40.332Z [INFO]: All active tasks initialized successfully.
2024-12-05T04:54:16.925Z [INFO]: All active tasks initialized successfully.
2024-12-05T04:54:47.549Z [INFO]: No active tasks found to initialize.
2024-12-05T04:54:47.551Z [INFO]: All active tasks initialized successfully.
2024-12-05T05:14:33.325Z [INFO]: All active tasks initialized successfully.
